Example output for RSTP:
		> op stp 
		-------------------------------------------------------------
		Region       Rt Priority  Root MAC            Root?  Why Not?                      
		RSTP         8192         40:b4:f0:6a:dc:01   No     Your priority: 32768          
		                                              Root port:  ge-0/0/47.0        

Example output for MSTP:
		> op stp 
		-------------------------------------------------------------
		Region       Rt Priority  Root MAC            Root?  Why Not?                      
		CIST         32768        3c:8a:b0:9c:3a:01   Yes    N/A                           
		  VLANS: 0-9,51-4094                         
		-------------------------------------------------------------
		Region       Rt Priority  Root MAC            Root?  Why Not?                      
		MSTI 1       16385        3c:8a:b0:9c:3a:01   No    Root has lower MAC.    
		                                              Root port:  ge-0/0/13.0         
		  VLANS: 10-20                               
		-------------------------------------------------------------
		Region       Rt Priority  Root MAC            Root?  Why Not?                      
		MSTI 2       16385        3c:8a:b0:9c:3a:01   Yes    N/A                           
		  VLANS: 21-50     
