This script is for performance monitoring on the SRX.

It makes a clean table to see all the performance of the SRX See below:
root@SRX5800-1> op srx-monitor
Route Engine
Slot Mem Size Mem Used CPU Avg CPU User CPU Bkgd CPU Krnl CPU Intpt CPU Idle
----------------------------------------------------------------------------
   0    2048        15       4        0        0        4         0       96
SPUs
FPC PIC CPU Mem  Flow Sess Cur   Flow Ses Max     CP Ses Cur     CP Ses Max
----------------------------------------------------------------------------
  0   0   0  66              0              0              0        4194304
  0   1   0  49              0         524288              0              0
  1   0   0  49              0         524288              0              0
  1   1   0  49              0         524288              0              0
  2   0   0  49              0         524288              0              0
  2   1   0  49              0         524288              0              0
  3   0   0  49              0         524288              0              0
  3   1   0  49              0         524288              0              0
  4   0   0  49              0         524288              0              0
  4   1   0  49              0         524288              0              0

