{\rtf1\ansi\ansicpg1252\cocoartf1038\cocoasubrtf250
{\fonttbl\f0\fswiss\fcharset0 Helvetica;}
{\colortbl;\red255\green255\blue255;}
\margl1440\margr1440\vieww17580\viewh10160\viewkind0
\pard\tx720\tx1440\tx2160\tx2880\tx3600\tx4320\tx5040\tx5760\tx6480\tx7200\tx7920\tx8640\ql\qnatural\pardirnatural

\f0\fs24 \cf0 root> op policylookups \
Policy name     Source Zone         Destination Zone    Source Address      Destination Address   Application                 Policy Lookups     \
272868              trust               	trust               	           any               	          any                                 any                               2                   \
272868              trust               	untrust                       any                            any                                 any                               3                   \
61425                trust               	robvpn                      nsm                           robsubnet3                    any                               0                   \
                                                                                                                                 robsubnet2                                                          \
                                                                                                                                 robsubnet1                                                          \
737940              untrust             	trust                           any                            webserver_1                 junos-ssh                   0                   \
                                                                                                                                                                          junos-http                                      \
127100              untrust             	trust                           any                            sslvpn                             junos-https                 0                   \
567333              untrust             	trust                           any                            ps3                                  ps3ports                     0                   \
21272                untrust             	trust                           any                            any                                  any                              51                  \
951126              robvpn              	trust                           robsubnet3              nsm                                 any                              0                   \
                                                                                               robsubnet2                                                                              \
                                                                                               robsubnet1                                                                              \
}